Thu Jul 31 09:10:53 MSK 2025: Запуск мониторинга воронки онбординга
2025-07-31 09:10:54 - bot - INFO - ✅ Конфигурация проверена успешно
2025-07-31 09:10:55 - bot - INFO - ✅ YooKassa настроена успешно
2025-07-31 09:10:55 - bot - INFO - 🚀 ОСНОВНАЯ КОНФИГУРАЦИЯ БОТА ЗАГРУЖЕНА!
2025-07-31 09:10:56 - generation - INFO - ✅ Skin Realism v11: Уровень 'фото со смартфона' — максимальный фотореализм с естественным светом, устранение жирной восковой текстуры, восстановление естественного светотеневого рисунка, реалистичные контактные тени, восстановление пористости и деталей.
2025-07-31 09:10:56 - generation - INFO - 🎯 СИСТЕМА ГЕНЕРАЦИИ ЗАГРУЖЕНА!
2025-07-31 09:10:56,382 - generation - INFO - 🎯 СИСТЕМА ГЕНЕРАЦИИ ЗАГРУЖЕНА!
2025-07-31 09:10:56 - generation - INFO - 📸 22 профессиональные модели активированы
2025-07-31 09:10:56,383 - generation - INFO - 📸 22 профессиональные модели активированы
2025-07-31 09:10:56 - generation - INFO - 🚀 Оптимизированная архитектура на базе 5 основных ядер
2025-07-31 09:10:56,383 - generation - INFO - 🚀 Оптимизированная архитектура на базе 5 основных ядер
2025-07-31 09:10:56 - generation - INFO - ⚡ Готов к созданию изображений!
2025-07-31 09:10:56,383 - generation - INFO - ⚡ Готов к созданию изображений!
2025-07-31 09:10:57 - onboarding_monitor - INFO - === МОНИТОРИНГ ПРИВЕТСТВЕННЫХ СООБЩЕНИЙ ===
2025-07-31 09:10:57,050 - onboarding_monitor - INFO - === МОНИТОРИНГ ПРИВЕТСТВЕННЫХ СООБЩЕНИЙ ===
2025-07-31 09:10:57 - onboarding_monitor - INFO - Найдено 0 пользователей для приветственного сообщения
2025-07-31 09:10:57,059 - onboarding_monitor - INFO - Найдено 0 пользователей для приветственного сообщения
2025-07-31 09:10:57 - onboarding_monitor - INFO - Нет пользователей для отправки приветственного сообщения
2025-07-31 09:10:57,059 - onboarding_monitor - INFO - Нет пользователей для отправки приветственного сообщения
2025-07-31 09:10:57 - onboarding_monitor - INFO - === МОНИТОРИНГ ЕЖЕДНЕВНЫХ НАПОМИНАНИЙ ===
2025-07-31 09:10:57,060 - onboarding_monitor - INFO - === МОНИТОРИНГ ЕЖЕДНЕВНЫХ НАПОМИНАНИЙ ===
2025-07-31 09:10:57 - onboarding_monitor - INFO - Найдено 3 пользователей для ежедневных напоминаний
2025-07-31 09:10:57,067 - onboarding_monitor - INFO - Найдено 3 пользователей для ежедневных напоминаний
2025-07-31 09:10:57 - onboarding_monitor - INFO - Обрабатываем пользователя 1682255255
2025-07-31 09:10:57,067 - onboarding_monitor - INFO - Обрабатываем пользователя 1682255255
2025-07-31 09:10:57 - onboarding_monitor - INFO - Пропускаем пользователя 1682255255 - нет подходящего напоминания
2025-07-31 09:10:57,067 - onboarding_monitor - INFO - Пропускаем пользователя 1682255255 - нет подходящего напоминания
2025-07-31 09:10:57 - onboarding_monitor - INFO - Обрабатываем пользователя 5667999089
2025-07-31 09:10:57,068 - onboarding_monitor - INFO - Обрабатываем пользователя 5667999089
2025-07-31 09:10:57 - onboarding_monitor - INFO - Пропускаем пользователя 5667999089 - нет подходящего напоминания
2025-07-31 09:10:57,068 - onboarding_monitor - INFO - Пропускаем пользователя 5667999089 - нет подходящего напоминания
2025-07-31 09:10:57 - onboarding_monitor - INFO - Обрабатываем пользователя 7787636839
2025-07-31 09:10:57,068 - onboarding_monitor - INFO - Обрабатываем пользователя 7787636839
2025-07-31 09:10:57 - bot - INFO - Напоминание reminder_day2 НЕ отправлено для user_id=7787636839: пользователь старый
2025-07-31 09:10:57,071 - bot - INFO - Напоминание reminder_day2 НЕ отправлено для user_id=7787636839: пользователь старый
2025-07-31 09:10:57 - onboarding_monitor - INFO - ✅ Напоминание reminder_day2 отправлено для user_id=7787636839
2025-07-31 09:10:57,071 - onboarding_monitor - INFO - ✅ Напоминание reminder_day2 отправлено для user_id=7787636839
2025-07-31 09:10:57 - onboarding_monitor - INFO - === СТАТИСТИКА МОНИТОРИНГА ===
2025-07-31 09:10:57,072 - onboarding_monitor - INFO - === СТАТИСТИКА МОНИТОРИНГА ===
2025-07-31 09:10:57 - onboarding_monitor - INFO - Время выполнения: 0:00:00.021820
2025-07-31 09:10:57,072 - onboarding_monitor - INFO - Время выполнения: 0:00:00.021820
2025-07-31 09:10:57 - onboarding_monitor - INFO - Приветственных сообщений отправлено: 0
2025-07-31 09:10:57,072 - onboarding_monitor - INFO - Приветственных сообщений отправлено: 0
2025-07-31 09:10:57 - onboarding_monitor - INFO - Приветственных сообщений не отправлено: 0
2025-07-31 09:10:57,072 - onboarding_monitor - INFO - Приветственных сообщений не отправлено: 0
2025-07-31 09:10:57 - onboarding_monitor - INFO - Напоминаний отправлено: 1
2025-07-31 09:10:57,072 - onboarding_monitor - INFO - Напоминаний отправлено: 1
2025-07-31 09:10:57 - onboarding_monitor - INFO - Напоминаний не отправлено: 0
2025-07-31 09:10:57,072 - onboarding_monitor - INFO - Напоминаний не отправлено: 0
2025-07-31 09:10:57 - onboarding_monitor - INFO - Пользователей заблокировали бота: 0
2025-07-31 09:10:57,072 - onboarding_monitor - INFO - Пользователей заблокировали бота: 0
2025-07-31 09:10:57 - onboarding_monitor - INFO - Пользователей пропущено: 2
2025-07-31 09:10:57,072 - onboarding_monitor - INFO - Пользователей пропущено: 2
2025-07-31 09:10:57 - onboarding_monitor - INFO - Процент успешных отправок: 100.0%
2025-07-31 09:10:57,072 - onboarding_monitor - INFO - Процент успешных отправок: 100.0%
2025-07-31 09:10:57 - onboarding_monitor - INFO - === КОНЕЦ СТАТИСТИКИ ===
2025-07-31 09:10:57,072 - onboarding_monitor - INFO - === КОНЕЦ СТАТИСТИКИ ===
Thu Jul 31 09:10:57 MSK 2025: Мониторинг завершен
---
