2025-07-31 09:05:05 - onboarding_monitor - INFO - === МОНИТОРИНГ ПРИВЕТСТВЕННЫХ СООБЩЕНИЙ ===
2025-07-31 09:05:05 - onboarding_monitor - INFO - Найдено 0 пользователей для приветственного сообщения
2025-07-31 09:05:05 - onboarding_monitor - INFO - Нет пользователей для отправки приветственного сообщения
2025-07-31 09:05:05 - onboarding_monitor - INFO - === МОНИТОРИНГ ЕЖЕДНЕВНЫХ НАПОМИНАНИЙ ===
2025-07-31 09:05:05 - onboarding_monitor - INFO - Найдено 3 пользователей для ежедневных напоминаний
2025-07-31 09:05:05 - onboarding_monitor - INFO - Обрабатываем пользователя 1682255255
2025-07-31 09:05:05 - onboarding_monitor - INFO - Пропускаем пользователя 1682255255 - нет подходящего напоминания
2025-07-31 09:05:05 - onboarding_monitor - INFO - Обрабатываем пользователя 5667999089
2025-07-31 09:05:05 - onboarding_monitor - INFO - Пропускаем пользователя 5667999089 - нет подходящего напоминания
2025-07-31 09:05:05 - onboarding_monitor - INFO - Обрабатываем пользователя 7787636839
2025-07-31 09:05:05 - onboarding_monitor - INFO - ✅ Напоминание reminder_day2 отправлено для user_id=7787636839
2025-07-31 09:05:05 - onboarding_monitor - INFO - === СТАТИСТИКА МОНИТОРИНГА ===
2025-07-31 09:05:05 - onboarding_monitor - INFO - Время выполнения: 0:00:00.016478
2025-07-31 09:05:05 - onboarding_monitor - INFO - Приветственных сообщений отправлено: 0
2025-07-31 09:05:05 - onboarding_monitor - INFO - Приветственных сообщений не отправлено: 0
2025-07-31 09:05:05 - onboarding_monitor - INFO - Напоминаний отправлено: 1
2025-07-31 09:05:05 - onboarding_monitor - INFO - Напоминаний не отправлено: 0
2025-07-31 09:05:05 - onboarding_monitor - INFO - Пользователей заблокировали бота: 0
2025-07-31 09:05:05 - onboarding_monitor - INFO - Пользователей пропущено: 2
2025-07-31 09:05:05 - onboarding_monitor - INFO - Процент успешных отправок: 100.0%
2025-07-31 09:05:05 - onboarding_monitor - INFO - === КОНЕЦ СТАТИСТИКИ ===
2025-07-31 09:10:57 - onboarding_monitor - INFO - === МОНИТОРИНГ ПРИВЕТСТВЕННЫХ СООБЩЕНИЙ ===
2025-07-31 09:10:57 - onboarding_monitor - INFO - Найдено 0 пользователей для приветственного сообщения
2025-07-31 09:10:57 - onboarding_monitor - INFO - Нет пользователей для отправки приветственного сообщения
2025-07-31 09:10:57 - onboarding_monitor - INFO - === МОНИТОРИНГ ЕЖЕДНЕВНЫХ НАПОМИНАНИЙ ===
2025-07-31 09:10:57 - onboarding_monitor - INFO - Найдено 3 пользователей для ежедневных напоминаний
2025-07-31 09:10:57 - onboarding_monitor - INFO - Обрабатываем пользователя 1682255255
2025-07-31 09:10:57 - onboarding_monitor - INFO - Пропускаем пользователя 1682255255 - нет подходящего напоминания
2025-07-31 09:10:57 - onboarding_monitor - INFO - Обрабатываем пользователя 5667999089
2025-07-31 09:10:57 - onboarding_monitor - INFO - Пропускаем пользователя 5667999089 - нет подходящего напоминания
2025-07-31 09:10:57 - onboarding_monitor - INFO - Обрабатываем пользователя 7787636839
2025-07-31 09:10:57 - onboarding_monitor - INFO - ✅ Напоминание reminder_day2 отправлено для user_id=7787636839
2025-07-31 09:10:57 - onboarding_monitor - INFO - === СТАТИСТИКА МОНИТОРИНГА ===
2025-07-31 09:10:57 - onboarding_monitor - INFO - Время выполнения: 0:00:00.021820
2025-07-31 09:10:57 - onboarding_monitor - INFO - Приветственных сообщений отправлено: 0
2025-07-31 09:10:57 - onboarding_monitor - INFO - Приветственных сообщений не отправлено: 0
2025-07-31 09:10:57 - onboarding_monitor - INFO - Напоминаний отправлено: 1
2025-07-31 09:10:57 - onboarding_monitor - INFO - Напоминаний не отправлено: 0
2025-07-31 09:10:57 - onboarding_monitor - INFO - Пользователей заблокировали бота: 0
2025-07-31 09:10:57 - onboarding_monitor - INFO - Пользователей пропущено: 2
2025-07-31 09:10:57 - onboarding_monitor - INFO - Процент успешных отправок: 100.0%
2025-07-31 09:10:57 - onboarding_monitor - INFO - === КОНЕЦ СТАТИСТИКИ ===
